<?xml version="1.0" encoding="UTF-8"?>
<testsuite xmlns:xsi="http://www.w3.org/2001/XMLSchema-instance" xsi:noNamespaceSchemaLocation="https://maven.apache.org/surefire/maven-failsafe-plugin/xsd/failsafe-test-report-3.0.xsd" version="3.0" name="The user endpoint works as intended #1" time="7.075" tests="1" errors="0" skipped="0" failures="0">
  <properties>
[...]
</properties>
  <testcase name="Update OrgSetup form" classname="The user endpoint works as intended #1" time="7.075">
    <system-out><![CDATA[20:55:56.205 [main] DEBUG net.thucydides.core.util.PropertiesFileLocalPreferences - serenity.project.name=Nira API Testing

20:55:56.596 [pool-2-thread-1] INFO io.cucumber.core.plugin.SerenityReporter - Running feature from file:///D:/Nira/NiraTest/apitestcases/src/test/resources/features/OrgSetup.feature

20:55:56.729 [pool-2-thread-1] DEBUG net.thucydides.core.util.PropertiesFileLocalPreferences - serenity.project.name=Nira API Testing

20:55:56.733 [pool-2-thread-1] INFO  - 

-------------------------------------------------------------------------------------
     _______. _______ .______       _______ .__   __.  __  .___________.____    ____ 
    /       ||   ____||   _  \     |   ____||  \ |  | |  | |           |\   \  /   / 
   |   (----`|  |__   |  |_)  |    |  |__   |   \|  | |  | `---|  |----` \   \/   /  
    \   \    |   __|  |      /     |   __|  |  . `  | |  |     |  |       \_    _/   
.----)   |   |  |____ |  |\  \----.|  |____ |  |\   | |  |     |  |         |  |     
|_______/    |_______|| _| `._____||_______||__| \__| |__|     |__|         |__|    
                                                                                     
 News and tutorials at http://www.serenity-bdd.info                                  
 Documentation at https://wakaleo.gitbooks.io/the-serenity-book/content/             
 Join the Serenity Community on Gitter: https://gitter.im/serenity-bdd/serenity-core 
 Serenity BDD Support and Training at http://serenity-bdd.info/#/trainingandsupport  
-------------------------------------------------------------------------------------


20:55:56.736 [pool-2-thread-1] DEBUG net.thucydides.core.steps.StepEventBus - Test suite started for story net.thucydides.core.model.Story@5fbce7f8

20:55:56.738 [pool-2-thread-1] INFO  - Test Suite Started: The user endpoint works as intended

20:55:56.751 [pool-2-thread-1] INFO io.cucumber.core.plugin.SerenityReporter - Running feature from file:///D:/Nira/NiraTest/apitestcases/src/test/resources/features/User.feature

20:55:56.756 [pool-2-thread-1] DEBUG net.thucydides.core.steps.StepEventBus - Test suite started for story net.thucydides.core.model.Story@5f3fa7ca

20:55:56.757 [pool-2-thread-1] INFO  - Test Suite Started: The user endpoint works as intended



1
 Scenarios (
&amp#27;[32m1 passed&amp#27;[0m
)


5
 Steps (
&amp#27;[32m5 passed&amp#27;[0m
)


0m
7.243s






20:56:03.841 [pool-2-thread-1] DEBUG net.thucydides.core.reports.ReportService - Reporting formats: [JSON, HTML]

20:56:03.894 [pool-2-thread-1] DEBUG net.thucydides.core.reports.ReportService - Reporting formats: [JSON, HTML]

20:56:03.903 [pool-2-thread-1] DEBUG net.thucydides.core.reports.ReportService - Generating reports for 1 test outcomes using: net.thucydides.core.reports.json.JSONTestOutcomeReporter@fae5f11

20:56:03.904 [pool-2-thread-1] DEBUG net.thucydides.core.reports.ReportService - Processing test outcome The user endpoint works as intended:Update OrgSetup form

20:56:03.904 [pool-2-thread-1] INFO net.thucydides.core.reports.ReportService - net.thucydides.core.reports.json.JSONTestOutcomeReporter@fae5f11: Generating report for test outcome: The user endpoint works as intended:Update OrgSetup form

20:56:03.910 [pool-2-thread-1] DEBUG net.thucydides.core.reports.json.JSONTestOutcomeReporter - Generating JSON report for Update OrgSetup form to file D:\Nira\NiraTest\apitestcases\target\site\serenity\c66278862b6ba106d1fc6c457bd50f2a973121d714fefa5a8a0a6595527be4f7.json (using temp file D:\Nira\NiraTest\apitestcases\target\site\serenity\c66278862b6ba106d1fc6c457bd50f2a973121d714fefa5a8a0a6595527be4f7.jsone714a095-6be8-4bcc-9efb-bf1ad845fda6)

20:56:03.934 [pool-2-thread-1] DEBUG net.thucydides.core.reports.ReportService - Processing test outcome The user endpoint works as intended:Update OrgSetup form done

20:56:03.934 [pool-2-thread-1] DEBUG net.thucydides.core.reports.ReportService - Shutting down executor service

20:56:03.934 [pool-2-thread-1] DEBUG net.thucydides.core.reports.ReportService - Reports generated in: 31 ms

20:56:03.935 [pool-2-thread-1] DEBUG net.thucydides.core.reports.ReportService - Generating reports for 1 test outcomes using: net.thucydides.core.reports.html.HtmlAcceptanceTestReporter@5f3487ed

20:56:03.935 [pool-3-thread-1] DEBUG net.thucydides.core.reports.ReportService - Processing test outcome The user endpoint works as intended:Update OrgSetup form

20:56:03.935 [pool-3-thread-1] INFO net.thucydides.core.reports.ReportService - net.thucydides.core.reports.html.HtmlAcceptanceTestReporter@5f3487ed: Generating report for test outcome: The user endpoint works as intended:Update OrgSetup form

20:56:03.953 [pool-3-thread-1] DEBUG net.thucydides.core.requirements.model.cucumber.CucumberParser - Added feature The user endpoint works as intended

20:56:03.957 [pool-3-thread-1] DEBUG net.thucydides.core.requirements.model.cucumber.CucumberParser - Added feature The user endpoint works as intended

20:56:03.963 [pool-3-thread-1] DEBUG net.thucydides.core.requirements.BaseRequirementsService - Requirement found for test outcome Update OrgSetup form-[]: Optional[Requirement{name='The user endpoint works as intended', type='feature' parent = 'null', cardNumber='null'}]

20:56:03.965 [pool-3-thread-1] DEBUG net.thucydides.core.requirements.BaseRequirementsService - Requirement found for test outcome Update OrgSetup form-[]: Optional[Requirement{name='The user endpoint works as intended', type='feature' parent = 'null', cardNumber='null'}]

20:56:04.364 [pool-3-thread-1] DEBUG serenity.reporting - Generating report in c66278862b6ba106d1fc6c457bd50f2a973121d714fefa5a8a0a6595527be4f7.html

20:56:04.766 [pool-3-thread-1] DEBUG serenity.reporting - Generated report c66278862b6ba106d1fc6c457bd50f2a973121d714fefa5a8a0a6595527be4f7.html in 402 ms

20:56:04.766 [pool-3-thread-1] DEBUG net.thucydides.core.reports.ReportService - Processing test outcome The user endpoint works as intended:Update OrgSetup form done

20:56:04.766 [pool-2-thread-1] DEBUG net.thucydides.core.reports.ReportService - Shutting down executor service

20:56:04.766 [pool-2-thread-1] DEBUG net.thucydides.core.reports.ReportService - Reports generated in: 831 ms

20:56:04.940 [pool-2-thread-1] INFO io.cucumber.core.plugin.SerenityReporter - Cleanup test resources for URI file:///D:/Nira/NiraTest/apitestcases/src/test/resources/features/OrgSetup.feature


@orgsetup
Scenario: Update OrgSetup form   &amp#27;[90m# src/test/resources/features/OrgSetup.feature:6&amp#27;[0m
20:55:56.912 [pool-2-thread-1] INFO io.cucumber.core.plugin.SerenityReporter - Running feature from file:///D:/Nira/NiraTest/apitestcases/src/test/resources/features/OrgSetup.feature
20:55:56.987 [pool-2-thread-1] INFO  - 
  _____   ___   ___   _____     ___   _____     _     ___   _____   ___   ___  
 |_   _| | __| / __| |_   _|   / __| |_   _|   /_\   | _ \ |_   _| | __| |   \ 
   | |   | _|  \__ \   | |     \__ \   | |    / _ \  |   /   | |   | _|  | |) |
   |_|   |___| |___/   |_|     |___/   |_|   /_/ \_\ |_|_\   |_|   |___| |___/ 

Update OrgSetup form(the-user-endpoint-works-as-intended;update-orgsetup-form)
--------------------------------------------------------------------------------
20:55:57.040 [pool-2-thread-1] DEBUG net.thucydides.core.requirements.model.cucumber.CucumberParser - Added feature The user endpoint works as intended
20:55:57.051 [pool-2-thread-1] DEBUG net.thucydides.core.requirements.model.cucumber.CucumberParser - Added feature The user endpoint works as intended
20:55:57.369 [pool-2-thread-1] DEBUG net.thucydides.core.steps.StepInterceptor - STARTING STEP: UserSteps.i_login - I login
20:56:01.870 [pool-2-thread-1] DEBUG net.thucydides.core.steps.StepInterceptor - STEP DONE: I login
Login successful with status line: HTTP/1.1 200 OK
{
    "status": "success",
    "message": "Employee logged in successfully",
    "access_token": "eyJhbGciOiJIUzI1NiIsInR5cCI6IkpXVCJ9.eyJpZCI6MSwic2VydmljZSI6ImFwaSIsImV4cCI6MTcxNjk5NjM2MSwiaWF0IjoxNzE2OTA5OTYxfQ.IzZC-_ygDSPHssWv6qcbKEUuDM1VGVKeYhe0R54cpYo",
    "refresh_token": "eyJhbGciOiJIUzI1NiIsInR5cCI6IkpXVCJ9.eyJpZCI6MSwic2VydmljZSI6ImFwaSIsImV4cCI6MTcxOTUwMTk2MSwiaWF0IjoxNzE2OTA5OTYxfQ._rwpCg2AmNroq8p4-3RWrig9G4nQzB22kPRwrdlyIVI",
    "role": [
        {
            "role": {
                "id": 2,
                "name": "NIRA Admin",
                "rank": 2,
                "hierarchicalLevelId": 1,
                "createdBy": null,
                "modifiedBy": null,
                "createdDate": null,
                "modifiedDate": null
            }
        },
        {
            "role": {
                "id": 7,
                "name": "Department User",
                "rank": 7,
                "hierarchicalLevelId": 3,
                "createdBy": null,
                "modifiedBy": null,
                "createdDate": null,
                "modifiedDate": null
            }
        }
    ]
}
Login successful with status response: {
    "status": "success",
    "message": "Employee logged in successfully",
    "access_token": "eyJhbGciOiJIUzI1NiIsInR5cCI6IkpXVCJ9.eyJpZCI6MSwic2VydmljZSI6ImFwaSIsImV4cCI6MTcxNjk5NjM2MSwiaWF0IjoxNzE2OTA5OTYxfQ.IzZC-_ygDSPHssWv6qcbKEUuDM1VGVKeYhe0R54cpYo",
    "refresh_token": "eyJhbGciOiJIUzI1NiIsInR5cCI6IkpXVCJ9.eyJpZCI6MSwic2VydmljZSI6ImFwaSIsImV4cCI6MTcxOTUwMTk2MSwiaWF0IjoxNzE2OTA5OTYxfQ._rwpCg2AmNroq8p4-3RWrig9G4nQzB22kPRwrdlyIVI",
    "role": [
        {
            "role": {
                "id": 2,
                "name": "NIRA Admin",
                "rank": 2,
                "hierarchicalLevelId": 1,
                "createdBy": null,
                "modifiedBy": null,
                "createdDate": null,
                "modifiedDate": null
            }
        },
        {
            "role": {
                "id": 7,
                "name": "Department User",
                "rank": 7,
                "hierarchicalLevelId": 3,
                "createdBy": null,
                "modifiedBy": null,
                "createdDate": null,
                "modifiedDate": null
            }
        }
    ]
}
  &amp#27;[32mWhen &amp#27;[0m&amp#27;[32mI login&amp#27;[0m                   &amp#27;[90m# com.nira.steps.UserSteps.i_login()&amp#27;[0m
20:56:02.600 [pool-2-thread-1] DEBUG net.thucydides.core.steps.StepInterceptor - STARTING STEP: OrgSetupSteps.i_getorganization - I get organization details
20:56:02.952 [pool-2-thread-1] DEBUG net.thucydides.core.steps.StepInterceptor - STEP DONE: I get organization details
{"status":"success","data":[{"id":1,"organizationName":"AIT GLOBAL","orgImage":"https://niradev.aitglobalindia.com:5771/cropped-AIT-indiaLogo-file-180x180.png","website":["http://www.aitglobalinc.com","https://www.aitglobalindia.com"],"totalEmployees":"1","registrationNumber":"22222","orgStartDate":"2024-05-21T18:30:00.000Z","phoneNumber":"+919890098900","secondaryPhone":"+919890098900","email":"gaurav.deshpande@aitglobalinc.com","secondaryEmail":"gaurav.deshpande@aitglobalinc.com","faxNumber":"+919890098900","country":"IN","state":"MH","city":"Pune","address":"Kharadi Pune","description":"A Software Development Company","orgHead":"Pinky Mishra","userLicense":12,"statusId":null,"detailsOfOtherBranches":"[{\"location\":\"PUNE\",\"completeAddress\":\"Wanori Pune\"}]","createdBy":null,"modifiedBy":1,"createdDate":null,"modifiedDate":"2024-05-28T15:10:42.904Z"}]}
{"status":"success","data":[{"id":1,"organizationName":"AIT GLOBAL","orgImage":"https://niradev.aitglobalindia.com:5771/cropped-AIT-indiaLogo-file-180x180.png","website":["http://www.aitglobalinc.com","https://www.aitglobalindia.com"],"totalEmployees":"1","registrationNumber":"22222","orgStartDate":"2024-05-21T18:30:00.000Z","phoneNumber":"+919890098900","secondaryPhone":"+919890098900","email":"gaurav.deshpande@aitglobalinc.com","secondaryEmail":"gaurav.deshpande@aitglobalinc.com","faxNumber":"+919890098900","country":"IN","state":"MH","city":"Pune","address":"Kharadi Pune","description":"A Software Development Company","orgHead":"Pinky Mishra","userLicense":12,"statusId":null,"detailsOfOtherBranches":"[{\"location\":\"PUNE\",\"completeAddress\":\"Wanori Pune\"}]","createdBy":null,"modifiedBy":1,"createdDate":null,"modifiedDate":"2024-05-28T15:20:34.760Z"}]}
  &amp#27;[32mAnd &amp#27;[0m&amp#27;[32mI get organization details&amp#27;[0m &amp#27;[90m# com.nira.steps.OrgSetupSteps.i_getorganization()&amp#27;[0m
20:56:03.014 [pool-2-thread-1] DEBUG net.thucydides.core.steps.StepInterceptor - STARTING STEP: OrgSetupSteps.i_setupfrom - I update Orgsetup form 
20:56:03.335 [pool-2-thread-1] DEBUG net.thucydides.core.steps.StepInterceptor - STEP DONE: I update Orgsetup form 
Update successful with status line: HTTP/1.1 200 OK
{
    "status": "success",
    "message": "Organization information saved successfully"
}
Update successful with status response: {
    "status": "success",
    "message": "Organization information saved successfully"
}
  &amp#27;[32mWhen &amp#27;[0m&amp#27;[32mI update Orgsetup form&amp#27;[0m    &amp#27;[90m# com.nira.steps.OrgSetupSteps.i_setupfrom()&amp#27;[0m
20:56:03.339 [pool-2-thread-1] DEBUG net.thucydides.core.steps.StepInterceptor - STARTING STEP: OrgSetupSteps.i_setdesignation - I create designation
20:56:03.551 [pool-2-thread-1] DEBUG net.thucydides.core.steps.StepInterceptor - STEP DONE: I create designation
Update successful with status line: HTTP/1.1 200 OK
{
    "status": "success",
    "message": "Designations Created Successfully"
}
Update successful with status response: {
    "status": "success",
    "message": "Designations Created Successfully"
}
  &amp#27;[32mAnd &amp#27;[0m&amp#27;[32mI create designation&amp#27;[0m       &amp#27;[90m# com.nira.steps.OrgSetupSteps.i_setdesignation()&amp#27;[0m
20:56:03.556 [pool-2-thread-1] DEBUG net.thucydides.core.steps.StepInterceptor - STARTING STEP: UserSteps.i_logout - I logout
20:56:03.800 [pool-2-thread-1] DEBUG net.thucydides.core.steps.StepInterceptor - STEP DONE: I logout
Login successful with status line: HTTP/1.1 200 OK
{
    "status": "success",
    "message": "Employee logged out successfully"
}
Login successful with status response: {
    "status": "success",
    "message": "Employee logged out successfully"
}
  &amp#27;[32mThen &amp#27;[0m&amp#27;[32mI logout&amp#27;[0m                  &amp#27;[90m# com.nira.steps.UserSteps.i_logout()&amp#27;[0m
20:56:03.818 [pool-2-thread-1] INFO  - 
  _____   ___   ___   _____     ___     _     ___   ___   ___   ___  
 |_   _| | __| / __| |_   _|   | _ \   /_\   / __| / __| | __| |   \ 
   | |   | _|  \__ \   | |     |  _/  / _ \  \__ \ \__ \ | _|  | |) |
   |_|   |___| |___/   |_|     |_|   /_/ \_\ |___/ |___/ |___| |___/ 

Update OrgSetup form
----------------------------------------------------------------------
]]></system-out>
  </testcase>
</testsuite>